<?xml version="1.0" encoding="UTF-8"?>
<!-- Generated by org.testng.reporters.JUnitReportReporter -->
<testsuite skipped="0" hostname="HackBox" name="org.testNg.Q4" tests="1" failures="0" timestamp="11 Aug 2021 05:39:26 GMT" time="3.512" errors="0">
  <testcase name="tc1" time="3.512" classname="org.testNg.Q4"/>
</testsuite> <!-- org.testNg.Q4 -->
