<?xml version="1.0" encoding="UTF-8"?>
<!-- Generated by org.testng.reporters.JUnitReportReporter -->
<testsuite skipped="0" hostname="HackBox" name="org.testNg.task1" tests="2" failures="0" timestamp="16 Aug 2021 16:18:52 GMT" time="9.965" errors="0">
  <testcase name="tc1" time="6.676" classname="org.testNg.task1"/>
  <testcase name="tc3" time="3.289" classname="org.testNg.task1"/>
</testsuite> <!-- org.testNg.task1 -->
