<?xml version="1.0" encoding="UTF-8"?>
<!-- Generated by org.testng.reporters.JUnitReportReporter -->
<testsuite skipped="0" hostname="HackBox" name="org.testNg.Q11" tests="2" failures="0" timestamp="17 Aug 2021 14:36:11 GMT" time="5.610" errors="0">
  <testcase name="tc1" time="4.189" classname="org.testNg.Q11"/>
  <testcase name="tc3" time="1.421" classname="org.testNg.Q11"/>
</testsuite> <!-- org.testNg.Q11 -->
