<?xml version="1.0" encoding="UTF-8"?>
<!-- Generated by org.testng.reporters.JUnitReportReporter -->
<testsuite skipped="0" hostname="HackBox" name="org.testNg.Q8" tests="1" failures="0" timestamp="13 Aug 2021 15:17:29 GMT" time="4.654" errors="0">
  <testcase name="tc1" time="4.654" classname="org.testNg.Q8"/>
</testsuite> <!-- org.testNg.Q8 -->
