<?xml version="1.0" encoding="UTF-8"?>
<!-- Generated by org.testng.reporters.JUnitReportReporter -->
<testsuite skipped="0" hostname="HackBox" name="org.testNg.Q2" tests="1" failures="0" timestamp="11 Aug 2021 05:17:51 GMT" time="4.452" errors="0">
  <testcase name="tc1" time="4.452" classname="org.testNg.Q2"/>
</testsuite> <!-- org.testNg.Q2 -->
