<?xml version="1.0" encoding="UTF-8"?>
<!-- Generated by org.testng.reporters.JUnitReportReporter -->
<testsuite skipped="0" hostname="HackBox" name="org.testNg.Qtest" tests="3" failures="0" timestamp="12 Aug 2021 15:15:22 GMT" time="45.755" errors="0">
  <testcase name="tc1" time="11.379" classname="org.testNg.Qtest"/>
  <testcase name="tc2" time="13.100" classname="org.testNg.Qtest"/>
  <testcase name="tc3" time="21.276" classname="org.testNg.Qtest"/>
</testsuite> <!-- org.testNg.Qtest -->
