<?xml version="1.0" encoding="UTF-8"?>
<!-- Generated by org.testng.reporters.JUnitReportReporter -->
<testsuite skipped="0" hostname="HackBox" name="org.testNg.Q6" tests="2" failures="0" timestamp="12 Aug 2021 16:55:19 GMT" time="10.829" errors="0">
  <testcase name="tc1" time="5.267" classname="org.testNg.Q6"/>
  <testcase name="tc1" time="5.562" classname="org.testNg.Q6"/>
</testsuite> <!-- org.testNg.Q6 -->
